2018-04-17 18:25:15  entro en llamaturnows Array id=4a4kp3at0eb1196hd0pn00fd97
2018-04-17 18:25:15  cliente socket errno0 errstr= id=4a4kp3at0eb1196hd0pn00fd97
2018-04-17 18:25:15  cliente socket se fue por cierto id=4a4kp3at0eb1196hd0pn00fd97
2018-04-17 18:25:15  paso WebsocketClient conectado1 id=4a4kp3at0eb1196hd0pn00fd97
2018-04-17 18:25:15  termino llamaturnoArray id=4a4kp3at0eb1196hd0pn00fd97
2018-04-17 18:29:32  entro en llamaturnows Array id=4a4kp3at0eb1196hd0pn00fd97
2018-04-17 18:29:32  cliente socket errno111 errstr=Connection refused id=4a4kp3at0eb1196hd0pn00fd97
2018-04-17 18:29:32  cliente socket se fue por falso id=4a4kp3at0eb1196hd0pn00fd97
2018-04-17 18:29:32  paso WebsocketClient conectado id=4a4kp3at0eb1196hd0pn00fd97
2018-04-17 18:29:32  paso llamaturnows va a regresar falso id=4a4kp3at0eb1196hd0pn00fd97
2018-04-17 18:33:47  entro en llamaturnows Array id=4a4kp3at0eb1196hd0pn00fd97
2018-04-17 18:33:47  cliente socket errno111 errstr=Connection refused id=4a4kp3at0eb1196hd0pn00fd97
2018-04-17 18:33:47  cliente socket se fue por falso id=4a4kp3at0eb1196hd0pn00fd97
2018-04-17 18:33:47  paso WebsocketClient conectado id=4a4kp3at0eb1196hd0pn00fd97
2018-04-17 18:33:47  paso llamaturnows va a regresar falso id=4a4kp3at0eb1196hd0pn00fd97
2018-04-17 18:45:27  entro en llamaturnows Array id=4a4kp3at0eb1196hd0pn00fd97
2018-04-17 18:45:27  cliente socket errno0 errstr= id=4a4kp3at0eb1196hd0pn00fd97
2018-04-17 18:45:27  cliente socket se fue por cierto id=4a4kp3at0eb1196hd0pn00fd97
2018-04-17 18:45:27  paso WebsocketClient conectado1 id=4a4kp3at0eb1196hd0pn00fd97
2018-04-17 18:45:27  termino llamaturnoArray id=4a4kp3at0eb1196hd0pn00fd97
2018-04-17 18:51:29  entro en llamaturnows Array id=4a4kp3at0eb1196hd0pn00fd97
2018-04-17 18:51:29  cliente socket errno0 errstr= id=4a4kp3at0eb1196hd0pn00fd97
2018-04-17 18:51:29  cliente socket se fue por cierto id=4a4kp3at0eb1196hd0pn00fd97
2018-04-17 18:51:29  paso WebsocketClient conectado1 id=4a4kp3at0eb1196hd0pn00fd97
2018-04-17 18:51:29  termino llamaturnoArray id=4a4kp3at0eb1196hd0pn00fd97
2018-04-17 18:55:51  entro en llamaturnows Array id=4a4kp3at0eb1196hd0pn00fd97
2018-04-17 18:55:51  cliente socket errno0 errstr= id=4a4kp3at0eb1196hd0pn00fd97
2018-04-17 18:55:51  cliente socket se fue por cierto id=4a4kp3at0eb1196hd0pn00fd97
2018-04-17 18:55:51  paso WebsocketClient conectado1 id=4a4kp3at0eb1196hd0pn00fd97
2018-04-17 18:55:51  termino llamaturnoArray id=4a4kp3at0eb1196hd0pn00fd97
2018-04-17 18:56:14  entro en llamaturnows Array id=4a4kp3at0eb1196hd0pn00fd97
2018-04-17 18:56:14  cliente socket errno0 errstr= id=4a4kp3at0eb1196hd0pn00fd97
2018-04-17 18:56:14  cliente socket se fue por cierto id=4a4kp3at0eb1196hd0pn00fd97
2018-04-17 18:56:14  paso WebsocketClient conectado1 id=4a4kp3at0eb1196hd0pn00fd97
2018-04-17 18:56:14  termino llamaturnoArray id=4a4kp3at0eb1196hd0pn00fd97
2018-04-17 18:58:40  entro en llamaturnows Array id=4a4kp3at0eb1196hd0pn00fd97
2018-04-17 18:58:40  cliente socket errno0 errstr= id=4a4kp3at0eb1196hd0pn00fd97
2018-04-17 18:58:40  cliente socket se fue por cierto id=4a4kp3at0eb1196hd0pn00fd97
2018-04-17 18:58:40  paso WebsocketClient conectado1 id=4a4kp3at0eb1196hd0pn00fd97
2018-04-17 18:58:40  termino llamaturnoArray id=4a4kp3at0eb1196hd0pn00fd97
2018-04-17 18:58:52  entro en llamaturnows Array id=4a4kp3at0eb1196hd0pn00fd97
2018-04-17 18:58:52  cliente socket errno0 errstr= id=4a4kp3at0eb1196hd0pn00fd97
2018-04-17 18:58:52  cliente socket se fue por cierto id=4a4kp3at0eb1196hd0pn00fd97
2018-04-17 18:58:52  paso WebsocketClient conectado1 id=4a4kp3at0eb1196hd0pn00fd97
2018-04-17 18:58:52  termino llamaturnoArray id=4a4kp3at0eb1196hd0pn00fd97
