2015-11-03 12:27:04:000000  entro en locateSecurityHeader 
2015-11-03 12:27:04:000000  headers 
2015-11-03 12:27:04:000000  headers iguales 
2015-11-03 12:27:04:000000  foreach secnodes 
2015-11-03 12:27:04:000000  encontro actor 
2015-11-03 12:27:04:000000  locateSecurityHeader regresohttp://docs.oasis-open.org/wss/2004/01/oasis-200401-wss-wssecurity-secext-1.0.xsd this->secNode= 
2015-11-03 12:27:04:000000  entro proceso 
2015-11-03 12:27:04:000000  no esta vacio secNode 
2015-11-03 12:27:04:000000  node->localName=UsernameToken 
2015-11-03 12:27:04:000000  entro a usenametoken 
2015-11-03 12:27:04:000000  user=jlv passwordW8trC9ZoOw2YiI/z8qyrdQ7MPQI= type=http://docs.oasis-open.org/wss/2004/01/oasis-200401-wss-username-token-profile-1.0#PasswordDigest Nonce=fQIBghLU3qk8Ex4H+YZKm/3dHUPqB9j0/B7mBuJWr/o= Created=2015-11-03T18:27:04Z 
2015-11-03 12:27:04:000000  node->localName=Timestamp 
2015-11-03 12:27:04:000000  paso el while 
2015-11-03 19:26:49:000000  entro en locateSecurityHeader 
2015-11-03 19:26:49:000000  headers 
2015-11-03 19:26:49:000000  headers iguales 
2015-11-03 19:26:49:000000  foreach secnodes 
2015-11-03 19:26:49:000000  encontro actor 
2015-11-03 19:26:49:000000  locateSecurityHeader regresohttp://docs.oasis-open.org/wss/2004/01/oasis-200401-wss-wssecurity-secext-1.0.xsd this->secNode= 
2015-11-03 19:26:49:000000  entro proceso 
2015-11-03 19:26:49:000000  no esta vacio secNode 
2015-11-03 19:26:49:000000  node->localName=UsernameToken 
2015-11-03 19:26:49:000000  entro a usenametoken 
2015-11-03 19:26:49:000000  user=jlv password7qZVVNIXpG0JlvmjXOZwCfxGV7I= type=http://docs.oasis-open.org/wss/2004/01/oasis-200401-wss-username-token-profile-1.0#PasswordDigest Nonce=Tja+UFr83PrBh5oF+TC6DXxA2Jhdw8TP/N4UMMlwUfw= Created=2015-11-04T01:26:49Z 
2015-11-03 19:26:49:000000  node->localName=Timestamp 
2015-11-03 19:26:49:000000  paso el while 
2015-11-03 19:29:30:000000  entro en locateSecurityHeader 
2015-11-03 19:29:30:000000  headers 
2015-11-03 19:29:30:000000  headers iguales 
2015-11-03 19:29:30:000000  foreach secnodes 
2015-11-03 19:29:30:000000  encontro actor 
2015-11-03 19:29:30:000000  locateSecurityHeader regresohttp://docs.oasis-open.org/wss/2004/01/oasis-200401-wss-wssecurity-secext-1.0.xsd this->secNode= 
2015-11-03 19:29:30:000000  entro proceso 
2015-11-03 19:29:30:000000  no esta vacio secNode 
2015-11-03 19:29:30:000000  node->localName=UsernameToken 
2015-11-03 19:29:30:000000  entro a usenametoken 
2015-11-03 19:29:30:000000  user=jlv passwordMEEj0W5G7KLRVx8WYM8LlNRrSsc= type=http://docs.oasis-open.org/wss/2004/01/oasis-200401-wss-username-token-profile-1.0#PasswordDigest Nonce=kGrdCeEBYfOIlwKapVd/qjgkPuLuFXklWwIy8oSSMoc= Created=2015-11-04T01:29:30Z 
2015-11-03 19:29:30:000000  node->localName=Timestamp 
2015-11-03 19:29:30:000000  paso el while 
