2018-02-22 15:35:50:000000  entro en locateSecurityHeader 
2018-02-22 15:35:50:000000  headers 
2018-02-22 15:35:50:000000  headers iguales 
2018-02-22 15:35:50:000000  foreach secnodes 
2018-02-22 15:35:50:000000  encontro actor 
2018-02-22 15:35:50:000000  locateSecurityHeader regresohttp://docs.oasis-open.org/wss/2004/01/oasis-200401-wss-wssecurity-secext-1.0.xsd this->secNode= 
2018-02-22 15:35:50:000000  entro proceso 
2018-02-22 15:35:50:000000  no esta vacio secNode 
2018-02-22 15:35:50:000000  node->localName=UsernameToken 
2018-02-22 15:35:50:000000  entro a usenametoken 
2018-02-22 15:35:50:000000  user=jlv password9zST022fFhUMQ7trZRrOOFosE7Y= type=http://docs.oasis-open.org/wss/2004/01/oasis-200401-wss-username-token-profile-1.0#PasswordDigest Nonce=UJ+OtC54NEcI2N5TpyYfq0FAHzFPR94oBBZn5LRAjZs= Created=2018-02-22T21:35:50Z 
2018-02-22 15:35:50:000000  node->localName=Timestamp 
2018-02-22 15:35:50:000000  paso el while 
2018-02-22 15:37:06:000000  entro en locateSecurityHeader 
2018-02-22 15:37:06:000000  headers 
2018-02-22 15:37:06:000000  headers iguales 
2018-02-22 15:37:06:000000  foreach secnodes 
2018-02-22 15:37:06:000000  encontro actor 
2018-02-22 15:37:06:000000  locateSecurityHeader regresohttp://docs.oasis-open.org/wss/2004/01/oasis-200401-wss-wssecurity-secext-1.0.xsd this->secNode= 
2018-02-22 15:37:06:000000  entro proceso 
2018-02-22 15:37:06:000000  no esta vacio secNode 
2018-02-22 15:37:06:000000  node->localName=UsernameToken 
2018-02-22 15:37:06:000000  entro a usenametoken 
2018-02-22 15:37:06:000000  user=jlv passwordlQTWLW3QGxdTQhU3mzh/6yHexOw= type=http://docs.oasis-open.org/wss/2004/01/oasis-200401-wss-username-token-profile-1.0#PasswordDigest Nonce=0Gri7MsuCNA3wlcClXMJb7f6Pr9UkBMSWisow0VPaeI= Created=2018-02-22T21:37:06Z 
2018-02-22 15:37:06:000000  node->localName=Timestamp 
2018-02-22 15:37:06:000000  paso el while 
2018-02-22 15:37:49:000000  entro en locateSecurityHeader 
2018-02-22 15:37:49:000000  headers 
2018-02-22 15:37:49:000000  headers iguales 
2018-02-22 15:37:49:000000  foreach secnodes 
2018-02-22 15:37:49:000000  encontro actor 
2018-02-22 15:37:49:000000  locateSecurityHeader regresohttp://docs.oasis-open.org/wss/2004/01/oasis-200401-wss-wssecurity-secext-1.0.xsd this->secNode= 
2018-02-22 15:37:49:000000  entro proceso 
2018-02-22 15:37:49:000000  no esta vacio secNode 
2018-02-22 15:37:49:000000  node->localName=UsernameToken 
2018-02-22 15:37:49:000000  entro a usenametoken 
2018-02-22 15:37:49:000000  user=jlv passwordelIqwzvjzWaNVl+OFjLHgs+uthk= type=http://docs.oasis-open.org/wss/2004/01/oasis-200401-wss-username-token-profile-1.0#PasswordDigest Nonce=chvvC4tyqcFtD1g6YAckuQkTe56R2k59lKS77jjn5mY= Created=2018-02-22T21:37:49Z 
2018-02-22 15:37:49:000000  node->localName=Timestamp 
2018-02-22 15:37:49:000000  paso el while 
2018-02-22 15:38:37:000000  entro en locateSecurityHeader 
2018-02-22 15:38:37:000000  headers 
2018-02-22 15:38:37:000000  headers iguales 
2018-02-22 15:38:37:000000  foreach secnodes 
2018-02-22 15:38:37:000000  encontro actor 
2018-02-22 15:38:37:000000  locateSecurityHeader regresohttp://docs.oasis-open.org/wss/2004/01/oasis-200401-wss-wssecurity-secext-1.0.xsd this->secNode= 
2018-02-22 15:38:37:000000  entro proceso 
2018-02-22 15:38:37:000000  no esta vacio secNode 
2018-02-22 15:38:37:000000  node->localName=UsernameToken 
2018-02-22 15:38:37:000000  entro a usenametoken 
2018-02-22 15:38:37:000000  user=jlv passwordX3dyKzLIGnCuCSoayGdmCIo4Flk= type=http://docs.oasis-open.org/wss/2004/01/oasis-200401-wss-username-token-profile-1.0#PasswordDigest Nonce=o9WLhYXr9s+8fZt0dMGVIRlvAW0twE77cAccSAIG3x0= Created=2018-02-22T21:38:37Z 
2018-02-22 15:38:37:000000  node->localName=Timestamp 
2018-02-22 15:38:37:000000  paso el while 
2018-02-22 15:39:11:000000  entro en locateSecurityHeader 
2018-02-22 15:39:11:000000  headers 
2018-02-22 15:39:11:000000  headers iguales 
2018-02-22 15:39:11:000000  foreach secnodes 
2018-02-22 15:39:11:000000  encontro actor 
2018-02-22 15:39:11:000000  locateSecurityHeader regresohttp://docs.oasis-open.org/wss/2004/01/oasis-200401-wss-wssecurity-secext-1.0.xsd this->secNode= 
2018-02-22 15:39:11:000000  entro proceso 
2018-02-22 15:39:11:000000  no esta vacio secNode 
2018-02-22 15:39:11:000000  node->localName=UsernameToken 
2018-02-22 15:39:11:000000  entro a usenametoken 
2018-02-22 15:39:11:000000  user=jlv password73QyEPtKEtxvFSSW3NwhwDbRigY= type=http://docs.oasis-open.org/wss/2004/01/oasis-200401-wss-username-token-profile-1.0#PasswordDigest Nonce=kwoFq6KiKJBsfZrnluch+7cx9y08AOnD2iEUqC6Lfec= Created=2018-02-22T21:39:11Z 
2018-02-22 15:39:11:000000  node->localName=Timestamp 
2018-02-22 15:39:11:000000  paso el while 
2018-02-22 15:50:43:000000  entro en locateSecurityHeader 
2018-02-22 15:50:43:000000  headers 
2018-02-22 15:50:43:000000  headers iguales 
2018-02-22 15:50:43:000000  foreach secnodes 
2018-02-22 15:50:43:000000  encontro actor 
2018-02-22 15:50:43:000000  locateSecurityHeader regresohttp://docs.oasis-open.org/wss/2004/01/oasis-200401-wss-wssecurity-secext-1.0.xsd this->secNode= 
2018-02-22 15:50:43:000000  entro proceso 
2018-02-22 15:50:43:000000  no esta vacio secNode 
2018-02-22 15:50:43:000000  node->localName=UsernameToken 
2018-02-22 15:50:43:000000  entro a usenametoken 
2018-02-22 15:50:43:000000  user=jlv password0DNEMxYBUwBwhyXIFg+t1aOZXEg= type=http://docs.oasis-open.org/wss/2004/01/oasis-200401-wss-username-token-profile-1.0#PasswordDigest Nonce=D8SmYDjLEPsDteGznGf7Gcx9iR4BOfX4qvKtpCZtW60= Created=2018-02-22T21:50:43Z 
2018-02-22 15:50:43:000000  node->localName=Timestamp 
2018-02-22 15:50:43:000000  paso el while 
2018-02-22 17:07:50:000000  entro en locateSecurityHeader 
2018-02-22 17:07:50:000000  headers 
2018-02-22 17:07:50:000000  headers iguales 
2018-02-22 17:07:50:000000  foreach secnodes 
2018-02-22 17:07:50:000000  encontro actor 
2018-02-22 17:07:50:000000  locateSecurityHeader regresohttp://docs.oasis-open.org/wss/2004/01/oasis-200401-wss-wssecurity-secext-1.0.xsd this->secNode= 
2018-02-22 17:07:50:000000  entro proceso 
2018-02-22 17:07:50:000000  no esta vacio secNode 
2018-02-22 17:07:50:000000  node->localName=UsernameToken 
2018-02-22 17:07:50:000000  entro a usenametoken 
2018-02-22 17:07:50:000000  user=jlv passwordu0KUwFJeCkEfuYEbNy3oBuSLfus= type=http://docs.oasis-open.org/wss/2004/01/oasis-200401-wss-username-token-profile-1.0#PasswordDigest Nonce=jzvvIk9kKMYYuoynV+OaXLsSw1PHdSfZNKLnQbQbeW0= Created=2018-02-22T23:07:50Z 
2018-02-22 17:07:50:000000  node->localName=Timestamp 
2018-02-22 17:07:50:000000  paso el while 
2018-02-22 17:25:45:000000  entro en locateSecurityHeader 
2018-02-22 17:25:45:000000  headers 
2018-02-22 17:25:45:000000  headers iguales 
2018-02-22 17:25:45:000000  foreach secnodes 
2018-02-22 17:25:45:000000  encontro actor 
2018-02-22 17:25:45:000000  locateSecurityHeader regresohttp://docs.oasis-open.org/wss/2004/01/oasis-200401-wss-wssecurity-secext-1.0.xsd this->secNode= 
2018-02-22 17:25:45:000000  entro proceso 
2018-02-22 17:25:45:000000  no esta vacio secNode 
2018-02-22 17:25:45:000000  node->localName=UsernameToken 
2018-02-22 17:25:45:000000  entro a usenametoken 
2018-02-22 17:25:45:000000  user=jlv passwordv7xTDm1/Wb6GFcBal3qxZjUPI5I= type=http://docs.oasis-open.org/wss/2004/01/oasis-200401-wss-username-token-profile-1.0#PasswordDigest Nonce=1MFhsrVy1LOGdkxKK2j6Pq079JCQJnpWl+e48Gl3WSE= Created=2018-02-22T23:25:45Z 
2018-02-22 17:25:45:000000  node->localName=Timestamp 
2018-02-22 17:25:45:000000  paso el while 
2018-02-22 17:26:25:000000  entro en locateSecurityHeader 
2018-02-22 17:26:25:000000  headers 
2018-02-22 17:26:25:000000  headers iguales 
2018-02-22 17:26:25:000000  foreach secnodes 
2018-02-22 17:26:25:000000  encontro actor 
2018-02-22 17:26:25:000000  locateSecurityHeader regresohttp://docs.oasis-open.org/wss/2004/01/oasis-200401-wss-wssecurity-secext-1.0.xsd this->secNode= 
2018-02-22 17:26:25:000000  entro proceso 
2018-02-22 17:26:25:000000  no esta vacio secNode 
2018-02-22 17:26:25:000000  node->localName=UsernameToken 
2018-02-22 17:26:25:000000  entro a usenametoken 
2018-02-22 17:26:25:000000  user=jlv passwordMAK3u7ZzMjDPkbtBNwAFEj9lOiI= type=http://docs.oasis-open.org/wss/2004/01/oasis-200401-wss-username-token-profile-1.0#PasswordDigest Nonce=lJa9kKKiszZN1Hr6WgyX52ce1uosBWhBTdcmC7wD9wQ= Created=2018-02-22T23:26:25Z 
2018-02-22 17:26:25:000000  node->localName=Timestamp 
2018-02-22 17:26:25:000000  paso el while 
